<?xml version="1.0" encoding="UTF-8"?>
<Site BuildName="(empty)"
	BuildStamp="20200816-0728-Experimental"
	Name="(empty)"
	Generator="ctest-3.18.1"
	CompilerName=""
	CompilerVersion=""
	OSName="Mac OS X"
	Hostname="MacBook-Pro-de-elena.local"
	OSRelease="10.15.6"
	OSVersion="19G2021"
	OSPlatform="x86_64"
	Is64Bits="1"
	VendorString="GenuineIntel"
	VendorID="Intel Corporation"
	FamilyID="6"
	ModelID="69"
	ProcessorCacheSize="32768"
	NumberOfLogicalCPU="4"
	NumberOfPhysicalCPU="2"
	TotalVirtualMemory="1024"
	TotalPhysicalMemory="8192"
	LogicalProcessorsPerPhysical="8"
	ProcessorClockFrequency="2400"
	>
	<Testing>
		<StartDateTime>Aug 16 16:28 JST</StartDateTime>
		<StartTestTime>1597562919</StartTestTime>
		<TestList>
			<Test>./test/LinkedListTest</Test>
		</TestList>
		<Test Status="passed">
			<Name>LinkedListTest</Name>
			<Path>./test</Path>
			<FullName>./test/LinkedListTest</FullName>
			<FullCommandLine>/Users/elenita/Documents/RIT/projects/linkedList/build/test/LinkedListTest</FullCommandLine>
			<Results>
				<NamedMeasurement type="numeric/double" name="Execution Time">
					<Value>0.269954</Value>
				</NamedMeasurement>
				<NamedMeasurement type="numeric/double" name="Processors">
					<Value>1</Value>
				</NamedMeasurement>
				<NamedMeasurement type="text/string" name="Completion Status">
					<Value>Completed</Value>
				</NamedMeasurement>
				<NamedMeasurement type="text/string" name="Command Line">
					<Value>/Users/elenita/Documents/RIT/projects/linkedList/build/test/LinkedListTest</Value>
				</NamedMeasurement>
				<NamedMeasurement type="text/string" name="Environment">
					<Value>#CTEST_RESOURCE_GROUP_COUNT=</Value>
				</NamedMeasurement>
				<Measurement>
					<Value encoding="base64" compression="gzip">eJyNkMFqwzAMhu95Ch2bQ+ztAXYYZIyx0o60PYUwPFcN3myp2M72+ovnEJZCof/pt/WhX1IzEBnqwSlDqxJOnh3IQ0AfJFokE5WsWQ8OKQbZvOzl2fMn6vFhDX3hcW1ClD1zbzHi0gavZZ/ce2outC7ah1kdNFPyPSQmJ08+DCaiKNpqVgfPlj+UzXWkb+OZ0lAQMFbD+QL+33M9z7kf/4oWmsMG/tRd1ESNjicoa/t6HYLVHbhQ3hqccYgclS2L23aLqHx15B9aXu7axcArEsuccZG3x93uqU7bZlYUvzRCoMM=</Value>
				</Measurement>
			</Results>
		</Test>
		<EndDateTime>Aug 16 16:28 JST</EndDateTime>
		<EndTestTime>1597562920</EndTestTime>
		<ElapsedMinutes>0</ElapsedMinutes>
	</Testing>
</Site>
