Start testing: Aug 16 16:28 JST
----------------------------------------------------------
1/1 Testing: LinkedListTest
1/1 Test: LinkedListTest
Command: "/Users/elenita/Documents/RIT/projects/linkedList/build/test/LinkedListTest"
Directory: /Users/elenita/Documents/RIT/projects/linkedList/build/test
"LinkedListTest" start time: Aug 16 16:28 JST
Output:
----------------------------------------------------------
Running main() from /Users/elenita/Documents/RIT/projects/linkedList/googletest/googletest/src/gtest_main.cc
[==========] Running 1 test from 1 test suite.
[----------] Global test environment set-up.
[----------] 1 test from LinkedListTest
[ RUN      ] LinkedListTest.DemoTest
[       OK ] LinkedListTest.DemoTest (0 ms)
[----------] 1 test from LinkedListTest (0 ms total)

[----------] Global test environment tear-down
[==========] 1 test from 1 test suite ran. (0 ms total)
[  PASSED  ] 1 test.
<end of output>
Test time =   0.27 sec
----------------------------------------------------------
Test Passed.
"LinkedListTest" end time: Aug 16 16:28 JST
"LinkedListTest" time elapsed: 00:00:00
----------------------------------------------------------

End testing: Aug 16 16:28 JST
